<?xml version="1.0" encoding="UTF-8"?>
<!-- Generated by org.testng.reporters.JUnitXMLReporter -->
<testsuite ignored="0" hostname="Moataz-Pc" failures="16" tests="16" name="Surefire test" time="49.628" errors="0" timestamp="2023-03-29T11:34:30 EET">
  <testcase classname="io.cucumber.testng.AbstractTestNGCucumberTests" name="runScenario" time="3.163">
    <failure type="java.lang.IllegalStateException" message="The driver executable must exist: C:\Users\user\Downloads\nopcommerce automation testing\nopCommerce-AutomationTesting-main\nopCommerce-AutomationTesting-main\Drivers\geckodriver.exe">
      <![CDATA[java.lang.IllegalStateException: The driver executable must exist: C:\Users\user\Downloads\nopcommerce automation testing\nopCommerce-AutomationTesting-main\nopCommerce-AutomationTesting-main\Drivers\geckodriver.exe
at org.openqa.selenium.internal.Require$FileStateChecker.isFile(Require.java:345)
at org.openqa.selenium.remote.service.DriverService.checkExecutable(DriverService.java:160)
at org.openqa.selenium.remote.service.DriverService.findExecutable(DriverService.java:155)
at org.openqa.selenium.firefox.GeckoDriverService.access$100(GeckoDriverService.java:45)
at org.openqa.selenium.firefox.GeckoDriverService$Builder.findDefaultExecutable(GeckoDriverService.java:181)
at org.openqa.selenium.remote.service.DriverService$Builder.build(DriverService.java:450)
at org.openqa.selenium.firefox.GeckoDriverService.createDefaultService(GeckoDriverService.java:94)
at org.openqa.selenium.firefox.FirefoxDriver.<init>(FirefoxDriver.java:99)
at org.openqa.selenium.firefox.FirefoxDriver.<init>(FirefoxDriver.java:95)
at org.example.stepDefinitions.Hooks.openBrowser(Hooks.java:21)
]]>
    </failure>
  </testcase> <!-- runScenario -->
  <testcase classname="io.cucumber.testng.AbstractTestNGCucumberTests" name="runScenario" time="3.039">
    <failure type="java.lang.IllegalStateException" message="The driver executable must exist: C:\Users\user\Downloads\nopcommerce automation testing\nopCommerce-AutomationTesting-main\nopCommerce-AutomationTesting-main\Drivers\geckodriver.exe">
      <![CDATA[java.lang.IllegalStateException: The driver executable must exist: C:\Users\user\Downloads\nopcommerce automation testing\nopCommerce-AutomationTesting-main\nopCommerce-AutomationTesting-main\Drivers\geckodriver.exe
at org.openqa.selenium.internal.Require$FileStateChecker.isFile(Require.java:345)
at org.openqa.selenium.remote.service.DriverService.checkExecutable(DriverService.java:160)
at org.openqa.selenium.remote.service.DriverService.findExecutable(DriverService.java:155)
at org.openqa.selenium.firefox.GeckoDriverService.access$100(GeckoDriverService.java:45)
at org.openqa.selenium.firefox.GeckoDriverService$Builder.findDefaultExecutable(GeckoDriverService.java:181)
at org.openqa.selenium.remote.service.DriverService$Builder.build(DriverService.java:450)
at org.openqa.selenium.firefox.GeckoDriverService.createDefaultService(GeckoDriverService.java:94)
at org.openqa.selenium.firefox.FirefoxDriver.<init>(FirefoxDriver.java:99)
at org.openqa.selenium.firefox.FirefoxDriver.<init>(FirefoxDriver.java:95)
at org.example.stepDefinitions.Hooks.openBrowser(Hooks.java:21)
]]>
    </failure>
  </testcase> <!-- runScenario -->
  <testcase classname="io.cucumber.testng.AbstractTestNGCucumberTests" name="runScenario" time="3.05">
    <failure type="java.lang.IllegalStateException" message="The driver executable must exist: C:\Users\user\Downloads\nopcommerce automation testing\nopCommerce-AutomationTesting-main\nopCommerce-AutomationTesting-main\Drivers\geckodriver.exe">
      <![CDATA[java.lang.IllegalStateException: The driver executable must exist: C:\Users\user\Downloads\nopcommerce automation testing\nopCommerce-AutomationTesting-main\nopCommerce-AutomationTesting-main\Drivers\geckodriver.exe
at org.openqa.selenium.internal.Require$FileStateChecker.isFile(Require.java:345)
at org.openqa.selenium.remote.service.DriverService.checkExecutable(DriverService.java:160)
at org.openqa.selenium.remote.service.DriverService.findExecutable(DriverService.java:155)
at org.openqa.selenium.firefox.GeckoDriverService.access$100(GeckoDriverService.java:45)
at org.openqa.selenium.firefox.GeckoDriverService$Builder.findDefaultExecutable(GeckoDriverService.java:181)
at org.openqa.selenium.remote.service.DriverService$Builder.build(DriverService.java:450)
at org.openqa.selenium.firefox.GeckoDriverService.createDefaultService(GeckoDriverService.java:94)
at org.openqa.selenium.firefox.FirefoxDriver.<init>(FirefoxDriver.java:99)
at org.openqa.selenium.firefox.FirefoxDriver.<init>(FirefoxDriver.java:95)
at org.example.stepDefinitions.Hooks.openBrowser(Hooks.java:21)
]]>
    </failure>
  </testcase> <!-- runScenario -->
  <testcase classname="io.cucumber.testng.AbstractTestNGCucumberTests" name="runScenario" time="3.035">
    <failure type="java.lang.IllegalStateException" message="The driver executable must exist: C:\Users\user\Downloads\nopcommerce automation testing\nopCommerce-AutomationTesting-main\nopCommerce-AutomationTesting-main\Drivers\geckodriver.exe">
      <![CDATA[java.lang.IllegalStateException: The driver executable must exist: C:\Users\user\Downloads\nopcommerce automation testing\nopCommerce-AutomationTesting-main\nopCommerce-AutomationTesting-main\Drivers\geckodriver.exe
at org.openqa.selenium.internal.Require$FileStateChecker.isFile(Require.java:345)
at org.openqa.selenium.remote.service.DriverService.checkExecutable(DriverService.java:160)
at org.openqa.selenium.remote.service.DriverService.findExecutable(DriverService.java:155)
at org.openqa.selenium.firefox.GeckoDriverService.access$100(GeckoDriverService.java:45)
at org.openqa.selenium.firefox.GeckoDriverService$Builder.findDefaultExecutable(GeckoDriverService.java:181)
at org.openqa.selenium.remote.service.DriverService$Builder.build(DriverService.java:450)
at org.openqa.selenium.firefox.GeckoDriverService.createDefaultService(GeckoDriverService.java:94)
at org.openqa.selenium.firefox.FirefoxDriver.<init>(FirefoxDriver.java:99)
at org.openqa.selenium.firefox.FirefoxDriver.<init>(FirefoxDriver.java:95)
at org.example.stepDefinitions.Hooks.openBrowser(Hooks.java:21)
]]>
    </failure>
  </testcase> <!-- runScenario -->
  <testcase classname="io.cucumber.testng.AbstractTestNGCucumberTests" name="runScenario" time="3.066">
    <failure type="java.lang.IllegalStateException" message="The driver executable must exist: C:\Users\user\Downloads\nopcommerce automation testing\nopCommerce-AutomationTesting-main\nopCommerce-AutomationTesting-main\Drivers\geckodriver.exe">
      <![CDATA[java.lang.IllegalStateException: The driver executable must exist: C:\Users\user\Downloads\nopcommerce automation testing\nopCommerce-AutomationTesting-main\nopCommerce-AutomationTesting-main\Drivers\geckodriver.exe
at org.openqa.selenium.internal.Require$FileStateChecker.isFile(Require.java:345)
at org.openqa.selenium.remote.service.DriverService.checkExecutable(DriverService.java:160)
at org.openqa.selenium.remote.service.DriverService.findExecutable(DriverService.java:155)
at org.openqa.selenium.firefox.GeckoDriverService.access$100(GeckoDriverService.java:45)
at org.openqa.selenium.firefox.GeckoDriverService$Builder.findDefaultExecutable(GeckoDriverService.java:181)
at org.openqa.selenium.remote.service.DriverService$Builder.build(DriverService.java:450)
at org.openqa.selenium.firefox.GeckoDriverService.createDefaultService(GeckoDriverService.java:94)
at org.openqa.selenium.firefox.FirefoxDriver.<init>(FirefoxDriver.java:99)
at org.openqa.selenium.firefox.FirefoxDriver.<init>(FirefoxDriver.java:95)
at org.example.stepDefinitions.Hooks.openBrowser(Hooks.java:21)
]]>
    </failure>
  </testcase> <!-- runScenario -->
  <testcase classname="io.cucumber.testng.AbstractTestNGCucumberTests" name="runScenario" time="3.078">
    <failure type="java.lang.IllegalStateException" message="The driver executable must exist: C:\Users\user\Downloads\nopcommerce automation testing\nopCommerce-AutomationTesting-main\nopCommerce-AutomationTesting-main\Drivers\geckodriver.exe">
      <![CDATA[java.lang.IllegalStateException: The driver executable must exist: C:\Users\user\Downloads\nopcommerce automation testing\nopCommerce-AutomationTesting-main\nopCommerce-AutomationTesting-main\Drivers\geckodriver.exe
at org.openqa.selenium.internal.Require$FileStateChecker.isFile(Require.java:345)
at org.openqa.selenium.remote.service.DriverService.checkExecutable(DriverService.java:160)
at org.openqa.selenium.remote.service.DriverService.findExecutable(DriverService.java:155)
at org.openqa.selenium.firefox.GeckoDriverService.access$100(GeckoDriverService.java:45)
at org.openqa.selenium.firefox.GeckoDriverService$Builder.findDefaultExecutable(GeckoDriverService.java:181)
at org.openqa.selenium.remote.service.DriverService$Builder.build(DriverService.java:450)
at org.openqa.selenium.firefox.GeckoDriverService.createDefaultService(GeckoDriverService.java:94)
at org.openqa.selenium.firefox.FirefoxDriver.<init>(FirefoxDriver.java:99)
at org.openqa.selenium.firefox.FirefoxDriver.<init>(FirefoxDriver.java:95)
at org.example.stepDefinitions.Hooks.openBrowser(Hooks.java:21)
]]>
    </failure>
  </testcase> <!-- runScenario -->
  <testcase classname="io.cucumber.testng.AbstractTestNGCucumberTests" name="runScenario" time="3.016">
    <failure type="java.lang.IllegalStateException" message="The driver executable must exist: C:\Users\user\Downloads\nopcommerce automation testing\nopCommerce-AutomationTesting-main\nopCommerce-AutomationTesting-main\Drivers\geckodriver.exe">
      <![CDATA[java.lang.IllegalStateException: The driver executable must exist: C:\Users\user\Downloads\nopcommerce automation testing\nopCommerce-AutomationTesting-main\nopCommerce-AutomationTesting-main\Drivers\geckodriver.exe
at org.openqa.selenium.internal.Require$FileStateChecker.isFile(Require.java:345)
at org.openqa.selenium.remote.service.DriverService.checkExecutable(DriverService.java:160)
at org.openqa.selenium.remote.service.DriverService.findExecutable(DriverService.java:155)
at org.openqa.selenium.firefox.GeckoDriverService.access$100(GeckoDriverService.java:45)
at org.openqa.selenium.firefox.GeckoDriverService$Builder.findDefaultExecutable(GeckoDriverService.java:181)
at org.openqa.selenium.remote.service.DriverService$Builder.build(DriverService.java:450)
at org.openqa.selenium.firefox.GeckoDriverService.createDefaultService(GeckoDriverService.java:94)
at org.openqa.selenium.firefox.FirefoxDriver.<init>(FirefoxDriver.java:99)
at org.openqa.selenium.firefox.FirefoxDriver.<init>(FirefoxDriver.java:95)
at org.example.stepDefinitions.Hooks.openBrowser(Hooks.java:21)
]]>
    </failure>
  </testcase> <!-- runScenario -->
  <testcase classname="io.cucumber.testng.AbstractTestNGCucumberTests" name="runScenario" time="3.036">
    <failure type="java.lang.IllegalStateException" message="The driver executable must exist: C:\Users\user\Downloads\nopcommerce automation testing\nopCommerce-AutomationTesting-main\nopCommerce-AutomationTesting-main\Drivers\geckodriver.exe">
      <![CDATA[java.lang.IllegalStateException: The driver executable must exist: C:\Users\user\Downloads\nopcommerce automation testing\nopCommerce-AutomationTesting-main\nopCommerce-AutomationTesting-main\Drivers\geckodriver.exe
at org.openqa.selenium.internal.Require$FileStateChecker.isFile(Require.java:345)
at org.openqa.selenium.remote.service.DriverService.checkExecutable(DriverService.java:160)
at org.openqa.selenium.remote.service.DriverService.findExecutable(DriverService.java:155)
at org.openqa.selenium.firefox.GeckoDriverService.access$100(GeckoDriverService.java:45)
at org.openqa.selenium.firefox.GeckoDriverService$Builder.findDefaultExecutable(GeckoDriverService.java:181)
at org.openqa.selenium.remote.service.DriverService$Builder.build(DriverService.java:450)
at org.openqa.selenium.firefox.GeckoDriverService.createDefaultService(GeckoDriverService.java:94)
at org.openqa.selenium.firefox.FirefoxDriver.<init>(FirefoxDriver.java:99)
at org.openqa.selenium.firefox.FirefoxDriver.<init>(FirefoxDriver.java:95)
at org.example.stepDefinitions.Hooks.openBrowser(Hooks.java:21)
]]>
    </failure>
  </testcase> <!-- runScenario -->
  <testcase classname="io.cucumber.testng.AbstractTestNGCucumberTests" name="runScenario" time="3.027">
    <failure type="java.lang.IllegalStateException" message="The driver executable must exist: C:\Users\user\Downloads\nopcommerce automation testing\nopCommerce-AutomationTesting-main\nopCommerce-AutomationTesting-main\Drivers\geckodriver.exe">
      <![CDATA[java.lang.IllegalStateException: The driver executable must exist: C:\Users\user\Downloads\nopcommerce automation testing\nopCommerce-AutomationTesting-main\nopCommerce-AutomationTesting-main\Drivers\geckodriver.exe
at org.openqa.selenium.internal.Require$FileStateChecker.isFile(Require.java:345)
at org.openqa.selenium.remote.service.DriverService.checkExecutable(DriverService.java:160)
at org.openqa.selenium.remote.service.DriverService.findExecutable(DriverService.java:155)
at org.openqa.selenium.firefox.GeckoDriverService.access$100(GeckoDriverService.java:45)
at org.openqa.selenium.firefox.GeckoDriverService$Builder.findDefaultExecutable(GeckoDriverService.java:181)
at org.openqa.selenium.remote.service.DriverService$Builder.build(DriverService.java:450)
at org.openqa.selenium.firefox.GeckoDriverService.createDefaultService(GeckoDriverService.java:94)
at org.openqa.selenium.firefox.FirefoxDriver.<init>(FirefoxDriver.java:99)
at org.openqa.selenium.firefox.FirefoxDriver.<init>(FirefoxDriver.java:95)
at org.example.stepDefinitions.Hooks.openBrowser(Hooks.java:21)
]]>
    </failure>
  </testcase> <!-- runScenario -->
  <testcase classname="io.cucumber.testng.AbstractTestNGCucumberTests" name="runScenario" time="3.032">
    <failure type="java.lang.IllegalStateException" message="The driver executable must exist: C:\Users\user\Downloads\nopcommerce automation testing\nopCommerce-AutomationTesting-main\nopCommerce-AutomationTesting-main\Drivers\geckodriver.exe">
      <![CDATA[java.lang.IllegalStateException: The driver executable must exist: C:\Users\user\Downloads\nopcommerce automation testing\nopCommerce-AutomationTesting-main\nopCommerce-AutomationTesting-main\Drivers\geckodriver.exe
at org.openqa.selenium.internal.Require$FileStateChecker.isFile(Require.java:345)
at org.openqa.selenium.remote.service.DriverService.checkExecutable(DriverService.java:160)
at org.openqa.selenium.remote.service.DriverService.findExecutable(DriverService.java:155)
at org.openqa.selenium.firefox.GeckoDriverService.access$100(GeckoDriverService.java:45)
at org.openqa.selenium.firefox.GeckoDriverService$Builder.findDefaultExecutable(GeckoDriverService.java:181)
at org.openqa.selenium.remote.service.DriverService$Builder.build(DriverService.java:450)
at org.openqa.selenium.firefox.GeckoDriverService.createDefaultService(GeckoDriverService.java:94)
at org.openqa.selenium.firefox.FirefoxDriver.<init>(FirefoxDriver.java:99)
at org.openqa.selenium.firefox.FirefoxDriver.<init>(FirefoxDriver.java:95)
at org.example.stepDefinitions.Hooks.openBrowser(Hooks.java:21)
]]>
    </failure>
  </testcase> <!-- runScenario -->
  <testcase classname="io.cucumber.testng.AbstractTestNGCucumberTests" name="runScenario" time="3.053">
    <failure type="java.lang.IllegalStateException" message="The driver executable must exist: C:\Users\user\Downloads\nopcommerce automation testing\nopCommerce-AutomationTesting-main\nopCommerce-AutomationTesting-main\Drivers\geckodriver.exe">
      <![CDATA[java.lang.IllegalStateException: The driver executable must exist: C:\Users\user\Downloads\nopcommerce automation testing\nopCommerce-AutomationTesting-main\nopCommerce-AutomationTesting-main\Drivers\geckodriver.exe
at org.openqa.selenium.internal.Require$FileStateChecker.isFile(Require.java:345)
at org.openqa.selenium.remote.service.DriverService.checkExecutable(DriverService.java:160)
at org.openqa.selenium.remote.service.DriverService.findExecutable(DriverService.java:155)
at org.openqa.selenium.firefox.GeckoDriverService.access$100(GeckoDriverService.java:45)
at org.openqa.selenium.firefox.GeckoDriverService$Builder.findDefaultExecutable(GeckoDriverService.java:181)
at org.openqa.selenium.remote.service.DriverService$Builder.build(DriverService.java:450)
at org.openqa.selenium.firefox.GeckoDriverService.createDefaultService(GeckoDriverService.java:94)
at org.openqa.selenium.firefox.FirefoxDriver.<init>(FirefoxDriver.java:99)
at org.openqa.selenium.firefox.FirefoxDriver.<init>(FirefoxDriver.java:95)
at org.example.stepDefinitions.Hooks.openBrowser(Hooks.java:21)
]]>
    </failure>
  </testcase> <!-- runScenario -->
  <testcase classname="io.cucumber.testng.AbstractTestNGCucumberTests" name="runScenario" time="3.039">
    <failure type="java.lang.IllegalStateException" message="The driver executable must exist: C:\Users\user\Downloads\nopcommerce automation testing\nopCommerce-AutomationTesting-main\nopCommerce-AutomationTesting-main\Drivers\geckodriver.exe">
      <![CDATA[java.lang.IllegalStateException: The driver executable must exist: C:\Users\user\Downloads\nopcommerce automation testing\nopCommerce-AutomationTesting-main\nopCommerce-AutomationTesting-main\Drivers\geckodriver.exe
at org.openqa.selenium.internal.Require$FileStateChecker.isFile(Require.java:345)
at org.openqa.selenium.remote.service.DriverService.checkExecutable(DriverService.java:160)
at org.openqa.selenium.remote.service.DriverService.findExecutable(DriverService.java:155)
at org.openqa.selenium.firefox.GeckoDriverService.access$100(GeckoDriverService.java:45)
at org.openqa.selenium.firefox.GeckoDriverService$Builder.findDefaultExecutable(GeckoDriverService.java:181)
at org.openqa.selenium.remote.service.DriverService$Builder.build(DriverService.java:450)
at org.openqa.selenium.firefox.GeckoDriverService.createDefaultService(GeckoDriverService.java:94)
at org.openqa.selenium.firefox.FirefoxDriver.<init>(FirefoxDriver.java:99)
at org.openqa.selenium.firefox.FirefoxDriver.<init>(FirefoxDriver.java:95)
at org.example.stepDefinitions.Hooks.openBrowser(Hooks.java:21)
]]>
    </failure>
  </testcase> <!-- runScenario -->
  <testcase classname="io.cucumber.testng.AbstractTestNGCucumberTests" name="runScenario" time="3.011">
    <failure type="java.lang.IllegalStateException" message="The driver executable must exist: C:\Users\user\Downloads\nopcommerce automation testing\nopCommerce-AutomationTesting-main\nopCommerce-AutomationTesting-main\Drivers\geckodriver.exe">
      <![CDATA[java.lang.IllegalStateException: The driver executable must exist: C:\Users\user\Downloads\nopcommerce automation testing\nopCommerce-AutomationTesting-main\nopCommerce-AutomationTesting-main\Drivers\geckodriver.exe
at org.openqa.selenium.internal.Require$FileStateChecker.isFile(Require.java:345)
at org.openqa.selenium.remote.service.DriverService.checkExecutable(DriverService.java:160)
at org.openqa.selenium.remote.service.DriverService.findExecutable(DriverService.java:155)
at org.openqa.selenium.firefox.GeckoDriverService.access$100(GeckoDriverService.java:45)
at org.openqa.selenium.firefox.GeckoDriverService$Builder.findDefaultExecutable(GeckoDriverService.java:181)
at org.openqa.selenium.remote.service.DriverService$Builder.build(DriverService.java:450)
at org.openqa.selenium.firefox.GeckoDriverService.createDefaultService(GeckoDriverService.java:94)
at org.openqa.selenium.firefox.FirefoxDriver.<init>(FirefoxDriver.java:99)
at org.openqa.selenium.firefox.FirefoxDriver.<init>(FirefoxDriver.java:95)
at org.example.stepDefinitions.Hooks.openBrowser(Hooks.java:21)
]]>
    </failure>
  </testcase> <!-- runScenario -->
  <testcase classname="io.cucumber.testng.AbstractTestNGCucumberTests" name="runScenario" time="3.033">
    <failure type="java.lang.IllegalStateException" message="The driver executable must exist: C:\Users\user\Downloads\nopcommerce automation testing\nopCommerce-AutomationTesting-main\nopCommerce-AutomationTesting-main\Drivers\geckodriver.exe">
      <![CDATA[java.lang.IllegalStateException: The driver executable must exist: C:\Users\user\Downloads\nopcommerce automation testing\nopCommerce-AutomationTesting-main\nopCommerce-AutomationTesting-main\Drivers\geckodriver.exe
at org.openqa.selenium.internal.Require$FileStateChecker.isFile(Require.java:345)
at org.openqa.selenium.remote.service.DriverService.checkExecutable(DriverService.java:160)
at org.openqa.selenium.remote.service.DriverService.findExecutable(DriverService.java:155)
at org.openqa.selenium.firefox.GeckoDriverService.access$100(GeckoDriverService.java:45)
at org.openqa.selenium.firefox.GeckoDriverService$Builder.findDefaultExecutable(GeckoDriverService.java:181)
at org.openqa.selenium.remote.service.DriverService$Builder.build(DriverService.java:450)
at org.openqa.selenium.firefox.GeckoDriverService.createDefaultService(GeckoDriverService.java:94)
at org.openqa.selenium.firefox.FirefoxDriver.<init>(FirefoxDriver.java:99)
at org.openqa.selenium.firefox.FirefoxDriver.<init>(FirefoxDriver.java:95)
at org.example.stepDefinitions.Hooks.openBrowser(Hooks.java:21)
]]>
    </failure>
  </testcase> <!-- runScenario -->
  <testcase classname="io.cucumber.testng.AbstractTestNGCucumberTests" name="runScenario" time="3.039">
    <failure type="java.lang.IllegalStateException" message="The driver executable must exist: C:\Users\user\Downloads\nopcommerce automation testing\nopCommerce-AutomationTesting-main\nopCommerce-AutomationTesting-main\Drivers\geckodriver.exe">
      <![CDATA[java.lang.IllegalStateException: The driver executable must exist: C:\Users\user\Downloads\nopcommerce automation testing\nopCommerce-AutomationTesting-main\nopCommerce-AutomationTesting-main\Drivers\geckodriver.exe
at org.openqa.selenium.internal.Require$FileStateChecker.isFile(Require.java:345)
at org.openqa.selenium.remote.service.DriverService.checkExecutable(DriverService.java:160)
at org.openqa.selenium.remote.service.DriverService.findExecutable(DriverService.java:155)
at org.openqa.selenium.firefox.GeckoDriverService.access$100(GeckoDriverService.java:45)
at org.openqa.selenium.firefox.GeckoDriverService$Builder.findDefaultExecutable(GeckoDriverService.java:181)
at org.openqa.selenium.remote.service.DriverService$Builder.build(DriverService.java:450)
at org.openqa.selenium.firefox.GeckoDriverService.createDefaultService(GeckoDriverService.java:94)
at org.openqa.selenium.firefox.FirefoxDriver.<init>(FirefoxDriver.java:99)
at org.openqa.selenium.firefox.FirefoxDriver.<init>(FirefoxDriver.java:95)
at org.example.stepDefinitions.Hooks.openBrowser(Hooks.java:21)
]]>
    </failure>
  </testcase> <!-- runScenario -->
  <testcase classname="io.cucumber.testng.AbstractTestNGCucumberTests" name="runScenario" time="3.032">
    <failure type="java.lang.IllegalStateException" message="The driver executable must exist: C:\Users\user\Downloads\nopcommerce automation testing\nopCommerce-AutomationTesting-main\nopCommerce-AutomationTesting-main\Drivers\geckodriver.exe">
      <![CDATA[java.lang.IllegalStateException: The driver executable must exist: C:\Users\user\Downloads\nopcommerce automation testing\nopCommerce-AutomationTesting-main\nopCommerce-AutomationTesting-main\Drivers\geckodriver.exe
at org.openqa.selenium.internal.Require$FileStateChecker.isFile(Require.java:345)
at org.openqa.selenium.remote.service.DriverService.checkExecutable(DriverService.java:160)
at org.openqa.selenium.remote.service.DriverService.findExecutable(DriverService.java:155)
at org.openqa.selenium.firefox.GeckoDriverService.access$100(GeckoDriverService.java:45)
at org.openqa.selenium.firefox.GeckoDriverService$Builder.findDefaultExecutable(GeckoDriverService.java:181)
at org.openqa.selenium.remote.service.DriverService$Builder.build(DriverService.java:450)
at org.openqa.selenium.firefox.GeckoDriverService.createDefaultService(GeckoDriverService.java:94)
at org.openqa.selenium.firefox.FirefoxDriver.<init>(FirefoxDriver.java:99)
at org.openqa.selenium.firefox.FirefoxDriver.<init>(FirefoxDriver.java:95)
at org.example.stepDefinitions.Hooks.openBrowser(Hooks.java:21)
]]>
    </failure>
  </testcase> <!-- runScenario -->
</testsuite> <!-- Surefire test -->
