-------------------------------------------------------------------------------
Test set: org.example.testRunner.runners
-------------------------------------------------------------------------------
Tests run: 16, Failures: 16, Errors: 0, Skipped: 0, Time elapsed: 50.158 s <<< FAILURE! - in org.example.testRunner.runners
org.example.testRunner.runners.runScenario  Time elapsed: 3.184 s  <<< FAILURE!
java.lang.IllegalStateException: The driver executable must exist: C:\Users\user\Downloads\nopcommerce automation testing\nopCommerce-AutomationTesting-main\nopCommerce-AutomationTesting-main\Drivers\geckodriver.exe

org.example.testRunner.runners.runScenario  Time elapsed: 3.038 s  <<< FAILURE!
java.lang.IllegalStateException: The driver executable must exist: C:\Users\user\Downloads\nopcommerce automation testing\nopCommerce-AutomationTesting-main\nopCommerce-AutomationTesting-main\Drivers\geckodriver.exe

org.example.testRunner.runners.runScenario  Time elapsed: 3.051 s  <<< FAILURE!
java.lang.IllegalStateException: The driver executable must exist: C:\Users\user\Downloads\nopcommerce automation testing\nopCommerce-AutomationTesting-main\nopCommerce-AutomationTesting-main\Drivers\geckodriver.exe

org.example.testRunner.runners.runScenario  Time elapsed: 3.037 s  <<< FAILURE!
java.lang.IllegalStateException: The driver executable must exist: C:\Users\user\Downloads\nopcommerce automation testing\nopCommerce-AutomationTesting-main\nopCommerce-AutomationTesting-main\Drivers\geckodriver.exe

org.example.testRunner.runners.runScenario  Time elapsed: 3.067 s  <<< FAILURE!
java.lang.IllegalStateException: The driver executable must exist: C:\Users\user\Downloads\nopcommerce automation testing\nopCommerce-AutomationTesting-main\nopCommerce-AutomationTesting-main\Drivers\geckodriver.exe

org.example.testRunner.runners.runScenario  Time elapsed: 3.078 s  <<< FAILURE!
java.lang.IllegalStateException: The driver executable must exist: C:\Users\user\Downloads\nopcommerce automation testing\nopCommerce-AutomationTesting-main\nopCommerce-AutomationTesting-main\Drivers\geckodriver.exe

org.example.testRunner.runners.runScenario  Time elapsed: 3.013 s  <<< FAILURE!
java.lang.IllegalStateException: The driver executable must exist: C:\Users\user\Downloads\nopcommerce automation testing\nopCommerce-AutomationTesting-main\nopCommerce-AutomationTesting-main\Drivers\geckodriver.exe

org.example.testRunner.runners.runScenario  Time elapsed: 3.037 s  <<< FAILURE!
java.lang.IllegalStateException: The driver executable must exist: C:\Users\user\Downloads\nopcommerce automation testing\nopCommerce-AutomationTesting-main\nopCommerce-AutomationTesting-main\Drivers\geckodriver.exe

org.example.testRunner.runners.runScenario  Time elapsed: 3.029 s  <<< FAILURE!
java.lang.IllegalStateException: The driver executable must exist: C:\Users\user\Downloads\nopcommerce automation testing\nopCommerce-AutomationTesting-main\nopCommerce-AutomationTesting-main\Drivers\geckodriver.exe

org.example.testRunner.runners.runScenario  Time elapsed: 3.033 s  <<< FAILURE!
java.lang.IllegalStateException: The driver executable must exist: C:\Users\user\Downloads\nopcommerce automation testing\nopCommerce-AutomationTesting-main\nopCommerce-AutomationTesting-main\Drivers\geckodriver.exe

org.example.testRunner.runners.runScenario  Time elapsed: 3.054 s  <<< FAILURE!
java.lang.IllegalStateException: The driver executable must exist: C:\Users\user\Downloads\nopcommerce automation testing\nopCommerce-AutomationTesting-main\nopCommerce-AutomationTesting-main\Drivers\geckodriver.exe

org.example.testRunner.runners.runScenario  Time elapsed: 3.04 s  <<< FAILURE!
java.lang.IllegalStateException: The driver executable must exist: C:\Users\user\Downloads\nopcommerce automation testing\nopCommerce-AutomationTesting-main\nopCommerce-AutomationTesting-main\Drivers\geckodriver.exe

org.example.testRunner.runners.runScenario  Time elapsed: 3.012 s  <<< FAILURE!
java.lang.IllegalStateException: The driver executable must exist: C:\Users\user\Downloads\nopcommerce automation testing\nopCommerce-AutomationTesting-main\nopCommerce-AutomationTesting-main\Drivers\geckodriver.exe

org.example.testRunner.runners.runScenario  Time elapsed: 3.034 s  <<< FAILURE!
java.lang.IllegalStateException: The driver executable must exist: C:\Users\user\Downloads\nopcommerce automation testing\nopCommerce-AutomationTesting-main\nopCommerce-AutomationTesting-main\Drivers\geckodriver.exe

org.example.testRunner.runners.runScenario  Time elapsed: 3.04 s  <<< FAILURE!
java.lang.IllegalStateException: The driver executable must exist: C:\Users\user\Downloads\nopcommerce automation testing\nopCommerce-AutomationTesting-main\nopCommerce-AutomationTesting-main\Drivers\geckodriver.exe

org.example.testRunner.runners.runScenario  Time elapsed: 3.033 s  <<< FAILURE!
java.lang.IllegalStateException: The driver executable must exist: C:\Users\user\Downloads\nopcommerce automation testing\nopCommerce-AutomationTesting-main\nopCommerce-AutomationTesting-main\Drivers\geckodriver.exe

