<?xml version="1.0" encoding="UTF-8"?>
<testsuite xmlns:xsi="http://www.w3.org/2001/XMLSchema-instance" xsi:noNamespaceSchemaLocation="https://maven.apache.org/surefire/maven-surefire-plugin/xsd/surefire-test-report-3.0.xsd" version="3.0" name="org.example.testRunner.runners" time="50.158" tests="16" errors="0" skipped="0" failures="16">
  <properties>
[...]
</properties>
  <testcase name="runScenario" classname="org.example.testRunner.runners" time="3.184">
    <failure message="The driver executable must exist: C:\Users\user\Downloads\nopcommerce automation testing\nopCommerce-AutomationTesting-main\nopCommerce-AutomationTesting-main\Drivers\geckodriver.exe" type="java.lang.IllegalStateException"><![CDATA[java.lang.IllegalStateException: The driver executable must exist: C:\Users\user\Downloads\nopcommerce automation testing\nopCommerce-AutomationTesting-main\nopCommerce-AutomationTesting-main\Drivers\geckodriver.exe
]]></failure>
    <system-out><![CDATA[
@smoke
Scenario: guest user could register with valid data successfully &amp#27;[90m# src/test/java/features/F01_Register.feature:4&amp#27;[0m
]]></system-out>
    <system-err><![CDATA[SLF4J: Failed to load class "org.slf4j.impl.StaticLoggerBinder".
SLF4J: Defaulting to no-operation (NOP) logger implementation
SLF4J: See http://www.slf4j.org/codes.html#StaticLoggerBinder for further details.
]]></system-err>
  </testcase>
  <testcase name="runScenario" classname="org.example.testRunner.runners" time="3.038">
    <failure message="The driver executable must exist: C:\Users\user\Downloads\nopcommerce automation testing\nopCommerce-AutomationTesting-main\nopCommerce-AutomationTesting-main\Drivers\geckodriver.exe" type="java.lang.IllegalStateException"><![CDATA[java.lang.IllegalStateException: The driver executable must exist: C:\Users\user\Downloads\nopcommerce automation testing\nopCommerce-AutomationTesting-main\nopCommerce-AutomationTesting-main\Drivers\geckodriver.exe
]]></failure>
    <system-out><![CDATA[      &amp#27;[31mjava.lang.IllegalStateException: The driver executable must exist: C:\Users\user\Downloads\nopcommerce automation testing\nopCommerce-AutomationTesting-main\nopCommerce-AutomationTesting-main\Drivers\geckodriver.exe
	at org.openqa.selenium.internal.Require$FileStateChecker.isFile(Require.java:345)
	at org.openqa.selenium.remote.service.DriverService.checkExecutable(DriverService.java:160)
	at org.openqa.selenium.remote.service.DriverService.findExecutable(DriverService.java:155)
	at org.openqa.selenium.firefox.GeckoDriverService.access$100(GeckoDriverService.java:45)
	at org.openqa.selenium.firefox.GeckoDriverService$Builder.findDefaultExecutable(GeckoDriverService.java:181)
	at org.openqa.selenium.remote.service.DriverService$Builder.build(DriverService.java:450)
	at org.openqa.selenium.firefox.GeckoDriverService.createDefaultService(GeckoDriverService.java:94)
	at org.openqa.selenium.firefox.FirefoxDriver.<init>(FirefoxDriver.java:99)
	at org.openqa.selenium.firefox.FirefoxDriver.<init>(FirefoxDriver.java:95)
	at org.example.stepDefinitions.Hooks.openBrowser(Hooks.java:21)
&amp#27;[0m
  &amp#27;[36mGiven &amp#27;[0m&amp#27;[36muser go to register page&amp#27;[0m                                 &amp#27;[90m# org.example.stepDefinitions.D01_registerStepDefinition.registrationPage()&amp#27;[0m
  &amp#27;[36mWhen &amp#27;[0m&amp#27;[36muser select gender type&amp#27;[0m                                   &amp#27;[90m# org.example.stepDefinitions.D01_registerStepDefinition.genderType()&amp#27;[0m
  &amp#27;[36mAnd &amp#27;[0m&amp#27;[36muser enters first name "automation"&amp#27;[0m                        &amp#27;[90m# org.example.stepDefinitions.D01_registerStepDefinition.firstName()&amp#27;[0m
  &amp#27;[36mAnd &amp#27;[0m&amp#27;[36muser enters last name "tester"&amp#27;[0m                             &amp#27;[90m# org.example.stepDefinitions.D01_registerStepDefinition.lastName()&amp#27;[0m
  &amp#27;[36mAnd &amp#27;[0m&amp#27;[36muser enters date of birth&amp#27;[0m                                  &amp#27;[90m# org.example.stepDefinitions.D01_registerStepDefinition.DOB()&amp#27;[0m
  &amp#27;[36mAnd &amp#27;[0m&amp#27;[36muser enters email "adhamagdyoussef@gmail.com"&amp#27;[0m              &amp#27;[90m# org.example.stepDefinitions.D01_registerStepDefinition.email()&amp#27;[0m
  &amp#27;[36mAnd &amp#27;[0m&amp#27;[36muser enters password "P@ssw0rd"&amp#27;[0m                            &amp#27;[90m# org.example.stepDefinitions.D01_registerStepDefinition.password()&amp#27;[0m
  &amp#27;[36mAnd &amp#27;[0m&amp#27;[36muser confirms password "P@ssw0rd"&amp#27;[0m                          &amp#27;[90m# org.example.stepDefinitions.D01_registerStepDefinition.confirm_password()&amp#27;[0m
  &amp#27;[36mAnd &amp#27;[0m&amp#27;[36muser clicks on register button&amp#27;[0m                             &amp#27;[90m# org.example.stepDefinitions.D01_registerStepDefinition.clickRegisterButton()&amp#27;[0m
  &amp#27;[36mThen &amp#27;[0m&amp#27;[36msuccess message is displayed&amp#27;[0m                              &amp#27;[90m# org.example.stepDefinitions.D01_registerStepDefinition.successMsg()&amp#27;[0m
      &amp#27;[31mjava.lang.NullPointerException: Cannot invoke "org.openqa.selenium.WebDriver.quit()" because "org.example.stepDefinitions.Hooks.driver" is null
	at org.example.stepDefinitions.Hooks.quitBrowser(Hooks.java:36)
&amp#27;[0m

@smoke
Scenario: user could login with valid email and password             &amp#27;[90m# src/test/java/features/F02_Login.feature:6&amp#27;[0m
      &amp#27;[31mjava.lang.IllegalStateException: The driver executable must exist: C:\Users\user\Downloads\nopcommerce automation testing\nopCommerce-AutomationTesting-main\nopCommerce-AutomationTesting-main\Drivers\geckodriver.exe
	at org.openqa.selenium.i]]></system-out>
  </testcase>
  <testcase name="runScenario" classname="org.example.testRunner.runners" time="3.051">
    <failure message="The driver executable must exist: C:\Users\user\Downloads\nopcommerce automation testing\nopCommerce-AutomationTesting-main\nopCommerce-AutomationTesting-main\Drivers\geckodriver.exe" type="java.lang.IllegalStateException"><![CDATA[java.lang.IllegalStateException: The driver executable must exist: C:\Users\user\Downloads\nopcommerce automation testing\nopCommerce-AutomationTesting-main\nopCommerce-AutomationTesting-main\Drivers\geckodriver.exe
]]></failure>
    <system-out><![CDATA[nternal.Require$FileStateChecker.isFile(Require.java:345)
	at org.openqa.selenium.remote.service.DriverService.checkExecutable(DriverService.java:160)
	at org.openqa.selenium.remote.service.DriverService.findExecutable(DriverService.java:155)
	at org.openqa.selenium.firefox.GeckoDriverService.access$100(GeckoDriverService.java:45)
	at org.openqa.selenium.firefox.GeckoDriverService$Builder.findDefaultExecutable(GeckoDriverService.java:181)
	at org.openqa.selenium.remote.service.DriverService$Builder.build(DriverService.java:450)
	at org.openqa.selenium.firefox.GeckoDriverService.createDefaultService(GeckoDriverService.java:94)
	at org.openqa.selenium.firefox.FirefoxDriver.<init>(FirefoxDriver.java:99)
	at org.openqa.selenium.firefox.FirefoxDriver.<init>(FirefoxDriver.java:95)
	at org.example.stepDefinitions.Hooks.openBrowser(Hooks.java:21)
&amp#27;[0m
  &amp#27;[36mGiven &amp#27;[0m&amp#27;[36muser go to login page&amp#27;[0m                                        &amp#27;[90m# org.example.stepDefinitions.D02_loginStepDefinition.loginLink()&amp#27;[0m
  &amp#27;[36mWhen &amp#27;[0m&amp#27;[36muser login with valid email "adhamagdyoussef@gmail.com"&amp#27;[0m       &amp#27;[90m# org.example.stepDefinitions.D02_loginStepDefinition.validEmail()&amp#27;[0m
  &amp#27;[36mAnd &amp#27;[0m&amp#27;[36muser login with valid password "P@ssw0rd"&amp#27;[0m                      &amp#27;[90m# org.example.stepDefinitions.D02_loginStepDefinition.validPassword()&amp#27;[0m
  &amp#27;[36mAnd &amp#27;[0m&amp#27;[36muser clicks on login button&amp#27;[0m                                    &amp#27;[90m# org.example.stepDefinitions.D02_loginStepDefinition.loginButton()&amp#27;[0m
  &amp#27;[36mThen &amp#27;[0m&amp#27;[36muser login to the system successfully and return to home page&amp#27;[0m &amp#27;[90m# org.example.stepDefinitions.D02_loginStepDefinition.validLogin()&amp#27;[0m
      &amp#27;[31mjava.lang.NullPointerException: Cannot invoke "org.openqa.selenium.WebDriver.quit()" because "org.example.stepDefinitions.Hooks.driver" is null
	at org.example.stepDefinitions.Hooks.quitBrowser(Hooks.java:36)
&amp#27;[0m

@smoke
Scenario: user could not login with invalid email and password &amp#27;[90m# src/test/java/features/F02_Login.feature:16&amp#27;[0m
      &amp#27;[31mjava.lang.IllegalStateException: The driver executable must exist: C:\Users\user\Downloads\nopcommerce automation testing\nopCommerce-AutomationTesting-main\nopCommerce-AutomationTesting-main\Drivers\geckodriver.exe
	at org.openqa.selenium.internal.Require$FileStateChecker.isFile(Require.java:345)
	at org.openqa.selenium.remote.service.DriverService.checkExecutable(DriverService.java:160)
	at org.openqa.selenium.remote.service.DriverService.findExecutable(DriverService.java:155)
	at org.openqa.selenium.firefox.GeckoDriverService.access$100(GeckoDriverService.java:45)
	at org.openqa.selenium.firefox.GeckoDriverService$Builder.findDefaultExecutable(GeckoDriverService.java:181)
	at org.openqa.selenium.remote.service.DriverService$Builder.build(DriverService.java:450)
	at org.openqa.selenium.firefox.GeckoDriverService.createDefaultService(GeckoDriverService.java:94)
	at org.openqa.selenium.firefox.FirefoxDriver.<init>(FirefoxDriver.java:99)
	at org.openqa.selenium.firefox.FirefoxDriver.<init>(FirefoxDriver.java:95)
	at org.example.stepDefinitions.Hooks.openBrowser(Hooks.java:21)
&amp#27;[0m
  &amp#27;[36mGiven &amp#27;[0m&amp#27;[36muser go to login page&amp#27;[0m                                  &amp#27;[90m# org.example.stepDefinitions.D02_loginStepDefinition.loginLink()&amp#27;[0m
  &amp#27;[36mWhen &amp#27;[0m&amp#27;[36muser login with inval]]></system-out>
  </testcase>
  <testcase name="runScenario" classname="org.example.testRunner.runners" time="3.037">
    <failure message="The driver executable must exist: C:\Users\user\Downloads\nopcommerce automation testing\nopCommerce-AutomationTesting-main\nopCommerce-AutomationTesting-main\Drivers\geckodriver.exe" type="java.lang.IllegalStateException"><![CDATA[java.lang.IllegalStateException: The driver executable must exist: C:\Users\user\Downloads\nopcommerce automation testing\nopCommerce-AutomationTesting-main\nopCommerce-AutomationTesting-main\Drivers\geckodriver.exe
]]></failure>
  </testcase>
  <testcase name="runScenario" classname="org.example.testRunner.runners" time="3.067">
    <failure message="The driver executable must exist: C:\Users\user\Downloads\nopcommerce automation testing\nopCommerce-AutomationTesting-main\nopCommerce-AutomationTesting-main\Drivers\geckodriver.exe" type="java.lang.IllegalStateException"><![CDATA[java.lang.IllegalStateException: The driver executable must exist: C:\Users\user\Downloads\nopcommerce automation testing\nopCommerce-AutomationTesting-main\nopCommerce-AutomationTesting-main\Drivers\geckodriver.exe
]]></failure>
    <system-out><![CDATA[id email "adhamagdy@gmail.com"&amp#27;[0m     &amp#27;[90m# org.example.stepDefinitions.D02_loginStepDefinition.invalidEmail()&amp#27;[0m
  &amp#27;[36mAnd &amp#27;[0m&amp#27;[36muser login with invalid password "P@ssw0rdWrong"&amp#27;[0m         &amp#27;[90m# org.example.stepDefinitions.D02_loginStepDefinition.invalidPassword()&amp#27;[0m
  &amp#27;[36mAnd &amp#27;[0m&amp#27;[36muser clicks on login button&amp#27;[0m                              &amp#27;[90m# org.example.stepDefinitions.D02_loginStepDefinition.loginButton()&amp#27;[0m
  &amp#27;[36mThen &amp#27;[0m&amp#27;[36muser could not login to the system&amp#27;[0m                      &amp#27;[90m# org.example.stepDefinitions.D02_loginStepDefinition.unSuccessMsg()&amp#27;[0m
      &amp#27;[31mjava.lang.NullPointerException: Cannot invoke "org.openqa.selenium.WebDriver.quit()" because "org.example.stepDefinitions.Hooks.driver" is null
	at org.example.stepDefinitions.Hooks.quitBrowser(Hooks.java:36)
&amp#27;[0m

@smoke
Scenario: User could reset his/her password successfully                    &amp#27;[90m# src/test/java/features/F03_Reset[assword.feature:6&amp#27;[0m
      &amp#27;[31mjava.lang.IllegalStateException: The driver executable must exist: C:\Users\user\Downloads\nopcommerce automation testing\nopCommerce-AutomationTesting-main\nopCommerce-AutomationTesting-main\Drivers\geckodriver.exe
	at org.openqa.selenium.internal.Require$FileStateChecker.isFile(Require.java:345)
	at org.openqa.selenium.remote.service.DriverService.checkExecutable(DriverService.java:160)
	at org.openqa.selenium.remote.service.DriverService.findExecutable(DriverService.java:155)
	at org.openqa.selenium.firefox.GeckoDriverService.access$100(GeckoDriverService.java:45)
	at org.openqa.selenium.firefox.GeckoDriverService$Builder.findDefaultExecutable(GeckoDriverService.java:181)
	at org.openqa.selenium.remote.service.DriverService$Builder.build(DriverService.java:450)
	at org.openqa.selenium.firefox.GeckoDriverService.createDefaultService(GeckoDriverService.java:94)
	at org.openqa.selenium.firefox.FirefoxDriver.<init>(FirefoxDriver.java:99)
	at org.openqa.selenium.firefox.FirefoxDriver.<init>(FirefoxDriver.java:95)
	at org.example.stepDefinitions.Hooks.openBrowser(Hooks.java:21)
&amp#27;[0m
  &amp#27;[36mGiven &amp#27;[0m&amp#27;[36muser go to logging page&amp#27;[0m                                             &amp#27;[90m# org.example.stepDefinitions.D03_ResetPasswordStepDefinition.log()&amp#27;[0m
  &amp#27;[36mWhen &amp#27;[0m&amp#27;[36muser clicks on forget password&amp#27;[0m                                       &amp#27;[90m# org.example.stepDefinitions.D03_ResetPasswordStepDefinition.forgetPassword()&amp#27;[0m
  &amp#27;[36mAnd &amp#27;[0m&amp#27;[36muser enter valid email "adhamagdyoussef@gmail.com"&amp#27;[0m                    &amp#27;[90m# org.example.stepDefinitions.D03_ResetPasswordStepDefinition.validMail()&amp#27;[0m
  &amp#27;[36mAnd &amp#27;[0m&amp#27;[36muser click reset button&amp#27;[0m                                               &amp#27;[90m# org.example.stepDefinitions.D03_ResetPasswordStepDefinition.resetButton()&amp#27;[0m
  &amp#27;[36mThen &amp#27;[0m&amp#27;[36m"Email with instructions has been sent to you." message is displayed&amp#27;[0m &amp#27;[90m# org.example.stepDefinitions.D03_ResetPasswordStepDefinition.instructionMessage()&amp#27;[0m
      &amp#27;[31mjava.lang.NullPointerException: Cannot invoke "org.openqa.selenium.WebDriver.quit()" because "org.example.stepDefinitions.Hooks.driver" is null
	at org.example.stepDefinitions.Hooks.quitBrowser(Hooks.java:36)
&amp#27;[0m

@smoke
Scenario: user could select products in euro                                      &amp#27;[90m# src/test/java/features/F04_Currency.feature:5&amp#27;[]]></system-out>
  </testcase>
  <testcase name="runScenario" classname="org.example.testRunner.runners" time="3.078">
    <failure message="The driver executable must exist: C:\Users\user\Downloads\nopcommerce automation testing\nopCommerce-AutomationTesting-main\nopCommerce-AutomationTesting-main\Drivers\geckodriver.exe" type="java.lang.IllegalStateException"><![CDATA[java.lang.IllegalStateException: The driver executable must exist: C:\Users\user\Downloads\nopcommerce automation testing\nopCommerce-AutomationTesting-main\nopCommerce-AutomationTesting-main\Drivers\geckodriver.exe
]]></failure>
    <system-out><![CDATA[0m
      &amp#27;[31mjava.lang.IllegalStateException: The driver executable must exist: C:\Users\user\Downloads\nopcommerce automation testing\nopCommerce-AutomationTesting-main\nopCommerce-AutomationTesting-main\Drivers\geckodriver.exe
	at org.openqa.selenium.internal.Require$FileStateChecker.isFile(Require.java:345)
	at org.openqa.selenium.remote.service.DriverService.checkExecutable(DriverService.java:160)
	at org.openqa.selenium.remote.service.DriverService.findExecutable(DriverService.java:155)
	at org.openqa.selenium.firefox.GeckoDriverService.access$100(GeckoDriverService.java:45)
	at org.openqa.selenium.firefox.GeckoDriverService$Builder.findDefaultExecutable(GeckoDriverService.java:181)
	at org.openqa.selenium.remote.service.DriverService$Builder.build(DriverService.java:450)
	at org.openqa.selenium.firefox.GeckoDriverService.createDefaultService(GeckoDriverService.java:94)
	at org.openqa.selenium.firefox.FirefoxDriver.<init>(FirefoxDriver.java:99)
	at org.openqa.selenium.firefox.FirefoxDriver.<init>(FirefoxDriver.java:95)
	at org.example.stepDefinitions.Hooks.openBrowser(Hooks.java:21)
&amp#27;[0m
  &amp#27;[36mGiven &amp#27;[0m&amp#27;[36mUser log in with email "adhamagdyoussef@gmailcom" and password "P@ssw0rd"&amp#27;[0m &amp#27;[90m# org.example.stepDefinitions.D04_currenciesStepDefinition.login()&amp#27;[0m
  &amp#27;[36mWhen &amp#27;[0m&amp#27;[36muser select Euro currency from currency dropdown list&amp#27;[0m                      &amp#27;[90m# org.example.stepDefinitions.D04_currenciesStepDefinition.currencyList()&amp#27;[0m
  &amp#27;[36mThen &amp#27;[0m&amp#27;[36mproducts price is shown in Euro&amp#27;[0m                                            &amp#27;[90m# org.example.stepDefinitions.D04_currenciesStepDefinition.euroSymbolDisplayedOnProducts()&amp#27;[0m
      &amp#27;[31mjava.lang.NullPointerException: Cannot invoke "org.openqa.selenium.WebDriver.quit()" because "org.example.stepDefinitions.Hooks.driver" is null
	at org.example.stepDefinitions.Hooks.quitBrowser(Hooks.java:36)
&amp#27;[0m

@smoke
Scenario Outline: user could search for products by name                                               &amp#27;[90m# src/test/java/features/F05_Search.feature:11&amp#27;[0m
      &amp#27;[31mjava.lang.IllegalStateException: The driver executable must exist: C:\Users\user\Downloads\nopcommerce automation testing\nopCommerce-AutomationTesting-main\nopCommerce-AutomationTesting-main\Drivers\geckodriver.exe
	at org.openqa.selenium.internal.Require$FileStateChecker.isFile(Require.java:345)
	at org.openqa.selenium.remote.service.DriverService.checkExecutable(DriverService.java:160)
	at org.openqa.selenium.remote.service.DriverService.findExecutable(DriverService.java:155)
	at org.openqa.selenium.firefox.GeckoDriverService.access$100(GeckoDriverService.java:45)
	at org.openqa.selenium.firefox.GeckoDriverService$Builder.findDefaultExecutable(GeckoDriverService.java:181)
	at org.openqa.selenium.remote.service.DriverService$Builder.build(DriverService.java:450)
	at org.openqa.selenium.firefox.GeckoDriverService.createDefaultService(GeckoDriverService.java:94)
	at org.openqa.selenium.firefox.FirefoxDriver.<init>(FirefoxDriver.java:99)
	at org.openqa.selenium.firefox.FirefoxDriver.<init>(FirefoxDriver.java:95)
	at org.example.stepDefinitions.Hooks.openBrowser(Hooks.java:21)
&amp#27;[0m
  &amp#27;[36mGiven &amp#27;[0m&amp#27;[36muser enters product name &amp#27;[0m&amp#27;[36m&amp#27;[1m"book"&amp#27;[0m&amp#27;[36m in the test search field at home page&amp#27;[0m                          &amp#27;[90m# org.exampl]]></system-out>
  </testcase>
  <testcase name="runScenario" classname="org.example.testRunner.runners" time="3.013">
    <failure message="The driver executable must exist: C:\Users\user\Downloads\nopcommerce automation testing\nopCommerce-AutomationTesting-main\nopCommerce-AutomationTesting-main\Drivers\geckodriver.exe" type="java.lang.IllegalStateException"><![CDATA[java.lang.IllegalStateException: The driver executable must exist: C:\Users\user\Downloads\nopcommerce automation testing\nopCommerce-AutomationTesting-main\nopCommerce-AutomationTesting-main\Drivers\geckodriver.exe
]]></failure>
  </testcase>
  <testcase name="runScenario" classname="org.example.testRunner.runners" time="3.037">
    <failure message="The driver executable must exist: C:\Users\user\Downloads\nopcommerce automation testing\nopCommerce-AutomationTesting-main\nopCommerce-AutomationTesting-main\Drivers\geckodriver.exe" type="java.lang.IllegalStateException"><![CDATA[java.lang.IllegalStateException: The driver executable must exist: C:\Users\user\Downloads\nopcommerce automation testing\nopCommerce-AutomationTesting-main\nopCommerce-AutomationTesting-main\Drivers\geckodriver.exe
]]></failure>
    <system-out><![CDATA[e.stepDefinitions.D05_searchStepDefinition.productName(java.lang.String)&amp#27;[0m
  &amp#27;[36mWhen &amp#27;[0m&amp#27;[36muser clicks on search button&amp#27;[0m                                                                    &amp#27;[90m# org.example.stepDefinitions.D05_searchStepDefinition.searchBtn()&amp#27;[0m
  &amp#27;[36mThen &amp#27;[0m&amp#27;[36msearch results appears with products related to the search name &amp#27;[0m&amp#27;[36m&amp#27;[1m"book"&amp#27;[0m&amp#27;[36m in the search text field&amp#27;[0m &amp#27;[90m# org.example.stepDefinitions.D05_searchStepDefinition.searchResultName(java.lang.String)&amp#27;[0m
      &amp#27;[31mjava.lang.NullPointerException: Cannot invoke "org.openqa.selenium.WebDriver.quit()" because "org.example.stepDefinitions.Hooks.driver" is null
	at org.example.stepDefinitions.Hooks.quitBrowser(Hooks.java:36)
&amp#27;[0m

@smoke
Scenario Outline: user could search for products by name                                                 &amp#27;[90m# src/test/java/features/F05_Search.feature:12&amp#27;[0m
      &amp#27;[31mjava.lang.IllegalStateException: The driver executable must exist: C:\Users\user\Downloads\nopcommerce automation testing\nopCommerce-AutomationTesting-main\nopCommerce-AutomationTesting-main\Drivers\geckodriver.exe
	at org.openqa.selenium.internal.Require$FileStateChecker.isFile(Require.java:345)
	at org.openqa.selenium.remote.service.DriverService.checkExecutable(DriverService.java:160)
	at org.openqa.selenium.remote.service.DriverService.findExecutable(DriverService.java:155)
	at org.openqa.selenium.firefox.GeckoDriverService.access$100(GeckoDriverService.java:45)
	at org.openqa.selenium.firefox.GeckoDriverService$Builder.findDefaultExecutable(GeckoDriverService.java:181)
	at org.openqa.selenium.remote.service.DriverService$Builder.build(DriverService.java:450)
	at org.openqa.selenium.firefox.GeckoDriverService.createDefaultService(GeckoDriverService.java:94)
	at org.openqa.selenium.firefox.FirefoxDriver.<init>(FirefoxDriver.java:99)
	at org.openqa.selenium.firefox.FirefoxDriver.<init>(FirefoxDriver.java:95)
	at org.example.stepDefinitions.Hooks.openBrowser(Hooks.java:21)
&amp#27;[0m
  &amp#27;[36mGiven &amp#27;[0m&amp#27;[36muser enters product name &amp#27;[0m&amp#27;[36m&amp#27;[1m"laptop"&amp#27;[0m&amp#27;[36m in the test search field at home page&amp#27;[0m                          &amp#27;[90m# org.example.stepDefinitions.D05_searchStepDefinition.productName(java.lang.String)&amp#27;[0m
  &amp#27;[36mWhen &amp#27;[0m&amp#27;[36muser clicks on search button&amp#27;[0m                                                                      &amp#27;[90m# org.example.stepDefinitions.D05_searchStepDefinition.searchBtn()&amp#27;[0m
  &amp#27;[36mThen &amp#27;[0m&amp#27;[36msearch results appears with products related to the search name &amp#27;[0m&amp#27;[36m&amp#27;[1m"laptop"&amp#27;[0m&amp#27;[36m in the search text field&amp#27;[0m &amp#27;[90m# org.example.stepDefinitions.D05_searchStepDefinition.searchResultName(java.lang.String)&amp#27;[0m
      &amp#27;[31mjava.lang.NullPointerException: Cannot invoke "org.openqa.selenium.WebDriver.quit()" because "org.example.stepDefinitions.Hooks.driver" is null
	at org.example.stepDefinitions.Hooks.quitBrowser(Hooks.java:36)
&amp#27;[0m

@smoke
Scenario Outline: user could search for products by name                                               &amp#27;[90m# src/test/java/features/F05_Search.feature:13&amp#27;[0m
      &amp#27;[31mjava.lang.IllegalStateException: The driver executable must exist: C:\Users\user\Downloads\nopcommerce automation testing\nopCommerce-AutomationTesting-main\nopCommerce-AutomationTesting-main\Drivers\geckodriver.exe
	at org.openqa.sele]]></system-out>
  </testcase>
  <testcase name="runScenario" classname="org.example.testRunner.runners" time="3.029">
    <failure message="The driver executable must exist: C:\Users\user\Downloads\nopcommerce automation testing\nopCommerce-AutomationTesting-main\nopCommerce-AutomationTesting-main\Drivers\geckodriver.exe" type="java.lang.IllegalStateException"><![CDATA[java.lang.IllegalStateException: The driver executable must exist: C:\Users\user\Downloads\nopcommerce automation testing\nopCommerce-AutomationTesting-main\nopCommerce-AutomationTesting-main\Drivers\geckodriver.exe
]]></failure>
    <system-out><![CDATA[nium.internal.Require$FileStateChecker.isFile(Require.java:345)
	at org.openqa.selenium.remote.service.DriverService.checkExecutable(DriverService.java:160)
	at org.openqa.selenium.remote.service.DriverService.findExecutable(DriverService.java:155)
	at org.openqa.selenium.firefox.GeckoDriverService.access$100(GeckoDriverService.java:45)
	at org.openqa.selenium.firefox.GeckoDriverService$Builder.findDefaultExecutable(GeckoDriverService.java:181)
	at org.openqa.selenium.remote.service.DriverService$Builder.build(DriverService.java:450)
	at org.openqa.selenium.firefox.GeckoDriverService.createDefaultService(GeckoDriverService.java:94)
	at org.openqa.selenium.firefox.FirefoxDriver.<init>(FirefoxDriver.java:99)
	at org.openqa.selenium.firefox.FirefoxDriver.<init>(FirefoxDriver.java:95)
	at org.example.stepDefinitions.Hooks.openBrowser(Hooks.java:21)
&amp#27;[0m
  &amp#27;[36mGiven &amp#27;[0m&amp#27;[36muser enters product name &amp#27;[0m&amp#27;[36m&amp#27;[1m"nike"&amp#27;[0m&amp#27;[36m in the test search field at home page&amp#27;[0m                          &amp#27;[90m# org.example.stepDefinitions.D05_searchStepDefinition.productName(java.lang.String)&amp#27;[0m
  &amp#27;[36mWhen &amp#27;[0m&amp#27;[36muser clicks on search button&amp#27;[0m                                                                    &amp#27;[90m# org.example.stepDefinitions.D05_searchStepDefinition.searchBtn()&amp#27;[0m
  &amp#27;[36mThen &amp#27;[0m&amp#27;[36msearch results appears with products related to the search name &amp#27;[0m&amp#27;[36m&amp#27;[1m"nike"&amp#27;[0m&amp#27;[36m in the search text field&amp#27;[0m &amp#27;[90m# org.example.stepDefinitions.D05_searchStepDefinition.searchResultName(java.lang.String)&amp#27;[0m
      &amp#27;[31mjava.lang.NullPointerException: Cannot invoke "org.openqa.selenium.WebDriver.quit()" because "org.example.stepDefinitions.Hooks.driver" is null
	at org.example.stepDefinitions.Hooks.quitBrowser(Hooks.java:36)
&amp#27;[0m

@smoke
Scenario Outline: user could search for products by sku                                                    &amp#27;[90m# src/test/java/features/F05_Search.feature:24&amp#27;[0m
      &amp#27;[31mjava.lang.IllegalStateException: The driver executable must exist: C:\Users\user\Downloads\nopcommerce automation testing\nopCommerce-AutomationTesting-main\nopCommerce-AutomationTesting-main\Drivers\geckodriver.exe
	at org.openqa.selenium.internal.Require$FileStateChecker.isFile(Require.java:345)
	at org.openqa.selenium.remote.service.DriverService.checkExecutable(DriverService.java:160)
	at org.openqa.selenium.remote.service.DriverService.findExecutable(DriverService.java:155)
	at org.openqa.selenium.firefox.GeckoDriverService.access$100(GeckoDriverService.java:45)
	at org.openqa.selenium.firefox.GeckoDriverService$Builder.findDefaultExecutable(GeckoDriverService.java:181)
	at org.openqa.selenium.remote.service.DriverService$Builder.build(DriverService.java:450)
	at org.openqa.selenium.firefox.GeckoDriverService.createDefaultService(GeckoDriverService.java:94)
	at org.openqa.selenium.firefox.FirefoxDriver.<init>(FirefoxDriver.java:99)
	at org.openqa.selenium.firefox.FirefoxDriver.<init>(FirefoxDriver.java:95)
	at org.example.stepDefinitions.Hooks.openBrowser(Hooks.java:21)
&amp#27;[0m
  &amp#27;[36mGiven &amp#27;[0m&amp#27;[36muser enters product sku &amp#27;[0m&amp#27;[36m&amp#27;[1m"SCI_FAITH"&amp#27;[0m&amp#27;[36m in the test search field at home page&amp#27;[0m                          &amp#27;[90m# org.example.stepDefinitions.D05_searchStepDefinition.productSku(java.lang.String)&amp#27;[0m
  &amp#27;[36mWhen &amp#27;[0m&amp#27;[36muser clicks on search button]]></system-out>
  </testcase>
  <testcase name="runScenario" classname="org.example.testRunner.runners" time="3.033">
    <failure message="The driver executable must exist: C:\Users\user\Downloads\nopcommerce automation testing\nopCommerce-AutomationTesting-main\nopCommerce-AutomationTesting-main\Drivers\geckodriver.exe" type="java.lang.IllegalStateException"><![CDATA[java.lang.IllegalStateException: The driver executable must exist: C:\Users\user\Downloads\nopcommerce automation testing\nopCommerce-AutomationTesting-main\nopCommerce-AutomationTesting-main\Drivers\geckodriver.exe
]]></failure>
  </testcase>
  <testcase name="runScenario" classname="org.example.testRunner.runners" time="3.054">
    <failure message="The driver executable must exist: C:\Users\user\Downloads\nopcommerce automation testing\nopCommerce-AutomationTesting-main\nopCommerce-AutomationTesting-main\Drivers\geckodriver.exe" type="java.lang.IllegalStateException"><![CDATA[java.lang.IllegalStateException: The driver executable must exist: C:\Users\user\Downloads\nopcommerce automation testing\nopCommerce-AutomationTesting-main\nopCommerce-AutomationTesting-main\Drivers\geckodriver.exe
]]></failure>
    <system-out><![CDATA[&amp#27;[0m                                                                        &amp#27;[90m# org.example.stepDefinitions.D05_searchStepDefinition.searchBtn()&amp#27;[0m
  &amp#27;[36mAnd &amp#27;[0m&amp#27;[36muser click on product detail page&amp#27;[0m                                                                    &amp#27;[90m# org.example.stepDefinitions.D05_searchStepDefinition.detailsBtn()&amp#27;[0m
  &amp#27;[36mThen &amp#27;[0m&amp#27;[36msearch results appears with products related to the search sku &amp#27;[0m&amp#27;[36m&amp#27;[1m"SCI_FAITH"&amp#27;[0m&amp#27;[36m in the search text field&amp#27;[0m &amp#27;[90m# org.example.stepDefinitions.D05_searchStepDefinition.searchResultSku(java.lang.String)&amp#27;[0m
      &amp#27;[31mjava.lang.NullPointerException: Cannot invoke "org.openqa.selenium.WebDriver.quit()" because "org.example.stepDefinitions.Hooks.driver" is null
	at org.example.stepDefinitions.Hooks.quitBrowser(Hooks.java:36)
&amp#27;[0m

@smoke
Scenario Outline: user could search for products by sku                                                    &amp#27;[90m# src/test/java/features/F05_Search.feature:25&amp#27;[0m
      &amp#27;[31mjava.lang.IllegalStateException: The driver executable must exist: C:\Users\user\Downloads\nopcommerce automation testing\nopCommerce-AutomationTesting-main\nopCommerce-AutomationTesting-main\Drivers\geckodriver.exe
	at org.openqa.selenium.internal.Require$FileStateChecker.isFile(Require.java:345)
	at org.openqa.selenium.remote.service.DriverService.checkExecutable(DriverService.java:160)
	at org.openqa.selenium.remote.service.DriverService.findExecutable(DriverService.java:155)
	at org.openqa.selenium.firefox.GeckoDriverService.access$100(GeckoDriverService.java:45)
	at org.openqa.selenium.firefox.GeckoDriverService$Builder.findDefaultExecutable(GeckoDriverService.java:181)
	at org.openqa.selenium.remote.service.DriverService$Builder.build(DriverService.java:450)
	at org.openqa.selenium.firefox.GeckoDriverService.createDefaultService(GeckoDriverService.java:94)
	at org.openqa.selenium.firefox.FirefoxDriver.<init>(FirefoxDriver.java:99)
	at org.openqa.selenium.firefox.FirefoxDriver.<init>(FirefoxDriver.java:95)
	at org.example.stepDefinitions.Hooks.openBrowser(Hooks.java:21)
&amp#27;[0m
  &amp#27;[36mGiven &amp#27;[0m&amp#27;[36muser enters product sku &amp#27;[0m&amp#27;[36m&amp#27;[1m"APPLE_CAM"&amp#27;[0m&amp#27;[36m in the test search field at home page&amp#27;[0m                          &amp#27;[90m# org.example.stepDefinitions.D05_searchStepDefinition.productSku(java.lang.String)&amp#27;[0m
  &amp#27;[36mWhen &amp#27;[0m&amp#27;[36muser clicks on search button&amp#27;[0m                                                                        &amp#27;[90m# org.example.stepDefinitions.D05_searchStepDefinition.searchBtn()&amp#27;[0m
  &amp#27;[36mAnd &amp#27;[0m&amp#27;[36muser click on product detail page&amp#27;[0m                                                                    &amp#27;[90m# org.example.stepDefinitions.D05_searchStepDefinition.detailsBtn()&amp#27;[0m
  &amp#27;[36mThen &amp#27;[0m&amp#27;[36msearch results appears with products related to the search sku &amp#27;[0m&amp#27;[36m&amp#27;[1m"APPLE_CAM"&amp#27;[0m&amp#27;[36m in the search text field&amp#27;[0m &amp#27;[90m# org.example.stepDefinitions.D05_searchStepDefinition.searchResultSku(java.lang.String)&amp#27;[0m
      &amp#27;[31mjava.lang.NullPointerException: Cannot invoke "org.openqa.selenium.WebDriver.quit()" because "org.example.stepDefinitions.Hooks.driver" is null
	at org.example.stepDefinitions.Hooks.quitBrowser(Hooks.java:36)
&amp#27;[0m

@smoke
Scenario Outline: user could search for products by sku                                                    &amp#27;[90m# s]]></system-out>
  </testcase>
  <testcase name="runScenario" classname="org.example.testRunner.runners" time="3.04">
    <failure message="The driver executable must exist: C:\Users\user\Downloads\nopcommerce automation testing\nopCommerce-AutomationTesting-main\nopCommerce-AutomationTesting-main\Drivers\geckodriver.exe" type="java.lang.IllegalStateException"><![CDATA[java.lang.IllegalStateException: The driver executable must exist: C:\Users\user\Downloads\nopcommerce automation testing\nopCommerce-AutomationTesting-main\nopCommerce-AutomationTesting-main\Drivers\geckodriver.exe
]]></failure>
    <system-out><![CDATA[rc/test/java/features/F05_Search.feature:26&amp#27;[0m
      &amp#27;[31mjava.lang.IllegalStateException: The driver executable must exist: C:\Users\user\Downloads\nopcommerce automation testing\nopCommerce-AutomationTesting-main\nopCommerce-AutomationTesting-main\Drivers\geckodriver.exe
	at org.openqa.selenium.internal.Require$FileStateChecker.isFile(Require.java:345)
	at org.openqa.selenium.remote.service.DriverService.checkExecutable(DriverService.java:160)
	at org.openqa.selenium.remote.service.DriverService.findExecutable(DriverService.java:155)
	at org.openqa.selenium.firefox.GeckoDriverService.access$100(GeckoDriverService.java:45)
	at org.openqa.selenium.firefox.GeckoDriverService$Builder.findDefaultExecutable(GeckoDriverService.java:181)
	at org.openqa.selenium.remote.service.DriverService$Builder.build(DriverService.java:450)
	at org.openqa.selenium.firefox.GeckoDriverService.createDefaultService(GeckoDriverService.java:94)
	at org.openqa.selenium.firefox.FirefoxDriver.<init>(FirefoxDriver.java:99)
	at org.openqa.selenium.firefox.FirefoxDriver.<init>(FirefoxDriver.java:95)
	at org.example.stepDefinitions.Hooks.openBrowser(Hooks.java:21)
&amp#27;[0m
  &amp#27;[36mGiven &amp#27;[0m&amp#27;[36muser enters product sku &amp#27;[0m&amp#27;[36m&amp#27;[1m"SF_PRO_11"&amp#27;[0m&amp#27;[36m in the test search field at home page&amp#27;[0m                          &amp#27;[90m# org.example.stepDefinitions.D05_searchStepDefinition.productSku(java.lang.String)&amp#27;[0m
  &amp#27;[36mWhen &amp#27;[0m&amp#27;[36muser clicks on search button&amp#27;[0m                                                                        &amp#27;[90m# org.example.stepDefinitions.D05_searchStepDefinition.searchBtn()&amp#27;[0m
  &amp#27;[36mAnd &amp#27;[0m&amp#27;[36muser click on product detail page&amp#27;[0m                                                                    &amp#27;[90m# org.example.stepDefinitions.D05_searchStepDefinition.detailsBtn()&amp#27;[0m
  &amp#27;[36mThen &amp#27;[0m&amp#27;[36msearch results appears with products related to the search sku &amp#27;[0m&amp#27;[36m&amp#27;[1m"SF_PRO_11"&amp#27;[0m&amp#27;[36m in the search text field&amp#27;[0m &amp#27;[90m# org.example.stepDefinitions.D05_searchStepDefinition.searchResultSku(java.lang.String)&amp#27;[0m
      &amp#27;[31mjava.lang.NullPointerException: Cannot invoke "org.openqa.selenium.WebDriver.quit()" because "org.example.stepDefinitions.Hooks.driver" is null
	at org.example.stepDefinitions.Hooks.quitBrowser(Hooks.java:36)
&amp#27;[0m

@smoke
Scenario: user could hover in main categories and select sub-categories       &amp#27;[90m# src/test/java/features/F06_HoverCategories.feature:5&amp#27;[0m
      &amp#27;[31mjava.lang.IllegalStateException: The driver executable must exist: C:\Users\user\Downloads\nopcommerce automation testing\nopCommerce-AutomationTesting-main\nopCommerce-AutomationTesting-main\Drivers\geckodriver.exe
	at org.openqa.selenium.internal.Require$FileStateChecker.isFile(Require.java:345)
	at org.openqa.selenium.remote.service.DriverService.checkExecutable(DriverService.java:160)
	at org.openqa.selenium.remote.service.DriverService.findExecutable(DriverService.java:155)
	at org.openqa.selenium.firefox.GeckoDriverService.access$100(GeckoDriverService.java:45)
	at org.openqa.selenium.firefox.GeckoDriverService$Builder.findDefaultExecutable(GeckoDriverService.java:181)
	at org.openqa.selenium.remote.service.DriverService$Builder.build(DriverService.java:450)
	at org.openqa.selenium.firefox.GeckoDriverService.createDefaultService(GeckoDriverService.java:94)
	at org.openqa.selenium.fire]]></system-out>
  </testcase>
  <testcase name="runScenario" classname="org.example.testRunner.runners" time="3.012">
    <failure message="The driver executable must exist: C:\Users\user\Downloads\nopcommerce automation testing\nopCommerce-AutomationTesting-main\nopCommerce-AutomationTesting-main\Drivers\geckodriver.exe" type="java.lang.IllegalStateException"><![CDATA[java.lang.IllegalStateException: The driver executable must exist: C:\Users\user\Downloads\nopcommerce automation testing\nopCommerce-AutomationTesting-main\nopCommerce-AutomationTesting-main\Drivers\geckodriver.exe
]]></failure>
  </testcase>
  <testcase name="runScenario" classname="org.example.testRunner.runners" time="3.034">
    <failure message="The driver executable must exist: C:\Users\user\Downloads\nopcommerce automation testing\nopCommerce-AutomationTesting-main\nopCommerce-AutomationTesting-main\Drivers\geckodriver.exe" type="java.lang.IllegalStateException"><![CDATA[java.lang.IllegalStateException: The driver executable must exist: C:\Users\user\Downloads\nopcommerce automation testing\nopCommerce-AutomationTesting-main\nopCommerce-AutomationTesting-main\Drivers\geckodriver.exe
]]></failure>
    <system-out><![CDATA[fox.FirefoxDriver.<init>(FirefoxDriver.java:99)
	at org.openqa.selenium.firefox.FirefoxDriver.<init>(FirefoxDriver.java:95)
	at org.example.stepDefinitions.Hooks.openBrowser(Hooks.java:21)
&amp#27;[0m
  &amp#27;[36mGiven &amp#27;[0m&amp#27;[36muser hover to a category and click on one of its sub-categories&amp#27;[0m       &amp#27;[90m# org.example.stepDefinitions.D06_hoverCategoriesStepDefinition.hoverCategory()&amp#27;[0m
  &amp#27;[36mThen &amp#27;[0m&amp#27;[36muser will navigate to a page contains products about that sub-category&amp#27;[0m &amp#27;[90m# org.example.stepDefinitions.D06_hoverCategoriesStepDefinition.pageTitle()&amp#27;[0m
      &amp#27;[31mjava.lang.NullPointerException: Cannot invoke "org.openqa.selenium.WebDriver.quit()" because "org.example.stepDefinitions.Hooks.driver" is null
	at org.example.stepDefinitions.Hooks.quitBrowser(Hooks.java:36)
&amp#27;[0m

@smoke
Scenario: First slider is clickable on home page   &amp#27;[90m# src/test/java/features/F07_HomeSliders.feature:8&amp#27;[0m
      &amp#27;[31mjava.lang.IllegalStateException: The driver executable must exist: C:\Users\user\Downloads\nopcommerce automation testing\nopCommerce-AutomationTesting-main\nopCommerce-AutomationTesting-main\Drivers\geckodriver.exe
	at org.openqa.selenium.internal.Require$FileStateChecker.isFile(Require.java:345)
	at org.openqa.selenium.remote.service.DriverService.checkExecutable(DriverService.java:160)
	at org.openqa.selenium.remote.service.DriverService.findExecutable(DriverService.java:155)
	at org.openqa.selenium.firefox.GeckoDriverService.access$100(GeckoDriverService.java:45)
	at org.openqa.selenium.firefox.GeckoDriverService$Builder.findDefaultExecutable(GeckoDriverService.java:181)
	at org.openqa.selenium.remote.service.DriverService$Builder.build(DriverService.java:450)
	at org.openqa.selenium.firefox.GeckoDriverService.createDefaultService(GeckoDriverService.java:94)
	at org.openqa.selenium.firefox.FirefoxDriver.<init>(FirefoxDriver.java:99)
	at org.openqa.selenium.firefox.FirefoxDriver.<init>(FirefoxDriver.java:95)
	at org.example.stepDefinitions.Hooks.openBrowser(Hooks.java:21)
&amp#27;[0m
  &amp#27;[36mGiven &amp#27;[0m&amp#27;[36muser at homepage&amp#27;[0m                           &amp#27;[90m# org.example.stepDefinitions.D07_homeSlidersStepDefinition.homepage()&amp#27;[0m
  &amp#27;[36mWhen &amp#27;[0m&amp#27;[36muser click on first slider with nokia image&amp#27;[0m &amp#27;[90m# org.example.stepDefinitions.D07_homeSlidersStepDefinition.nokiaSlider()&amp#27;[0m
  &amp#27;[36mThen &amp#27;[0m&amp#27;[36muser navigate to nokia product details page&amp#27;[0m &amp#27;[90m# org.example.stepDefinitions.D07_homeSlidersStepDefinition.nokiaDetails()&amp#27;[0m
      &amp#27;[31mjava.lang.NullPointerException: Cannot invoke "org.openqa.selenium.WebDriver.quit()" because "org.example.stepDefinitions.Hooks.driver" is null
	at org.example.stepDefinitions.Hooks.quitBrowser(Hooks.java:36)
&amp#27;[0m

@smoke
Scenario: Second slider is clickable on home page    &amp#27;[90m# src/test/java/features/F07_HomeSliders.feature:14&amp#27;[0m
      &amp#27;[31mjava.lang.IllegalStateException: The driver executable must exist: C:\Users\user\Downloads\nopcommerce automation testing\nopCommerce-AutomationTesting-main\nopCommerce-AutomationTesting-main\Drivers\geckodriver.exe
	at org.openqa.selenium.internal.Require$FileStateChecker.isFile(Require.java:345)
	at org.openqa.selenium.remote.service.DriverService.checkExecutable(DriverService.java:160)
	at org.openqa.selenium.remote.service.DriverService.findExecutable(DriverService.java:155)
	at org.openqa.selenium.]]></system-out>
  </testcase>
  <testcase name="runScenario" classname="org.example.testRunner.runners" time="3.04">
    <failure message="The driver executable must exist: C:\Users\user\Downloads\nopcommerce automation testing\nopCommerce-AutomationTesting-main\nopCommerce-AutomationTesting-main\Drivers\geckodriver.exe" type="java.lang.IllegalStateException"><![CDATA[java.lang.IllegalStateException: The driver executable must exist: C:\Users\user\Downloads\nopcommerce automation testing\nopCommerce-AutomationTesting-main\nopCommerce-AutomationTesting-main\Drivers\geckodriver.exe
]]></failure>
    <system-out><![CDATA[firefox.GeckoDriverService.access$100(GeckoDriverService.java:45)
	at org.openqa.selenium.firefox.GeckoDriverService$Builder.findDefaultExecutable(GeckoDriverService.java:181)
	at org.openqa.selenium.remote.service.DriverService$Builder.build(DriverService.java:450)
	at org.openqa.selenium.firefox.GeckoDriverService.createDefaultService(GeckoDriverService.java:94)
	at org.openqa.selenium.firefox.FirefoxDriver.<init>(FirefoxDriver.java:99)
	at org.openqa.selenium.firefox.FirefoxDriver.<init>(FirefoxDriver.java:95)
	at org.example.stepDefinitions.Hooks.openBrowser(Hooks.java:21)
&amp#27;[0m
  &amp#27;[36mGiven &amp#27;[0m&amp#27;[36muser at homepage&amp#27;[0m                             &amp#27;[90m# org.example.stepDefinitions.D07_homeSlidersStepDefinition.homepage()&amp#27;[0m
  &amp#27;[36mWhen &amp#27;[0m&amp#27;[36muser click on second slider with iphone image&amp#27;[0m &amp#27;[90m# org.example.stepDefinitions.D07_homeSlidersStepDefinition.iphoneSlider()&amp#27;[0m
  &amp#27;[36mThen &amp#27;[0m&amp#27;[36muser navigate to iphone product details page&amp#27;[0m  &amp#27;[90m# org.example.stepDefinitions.D07_homeSlidersStepDefinition.iphoneDetails()&amp#27;[0m
      &amp#27;[31mjava.lang.NullPointerException: Cannot invoke "org.openqa.selenium.WebDriver.quit()" because "org.example.stepDefinitions.Hooks.driver" is null
	at org.example.stepDefinitions.Hooks.quitBrowser(Hooks.java:36)
&amp#27;[0m

@smoke
Scenario: user add products to shopping cart                                    &amp#27;[90m# src/test/java/features/F09_ShoppingCart.feature:5&amp#27;[0m
      &amp#27;[31mjava.lang.IllegalStateException: The driver executable must exist: C:\Users\user\Downloads\nopcommerce automation testing\nopCommerce-AutomationTesting-main\nopCommerce-AutomationTesting-main\Drivers\geckodriver.exe
	at org.openqa.selenium.internal.Require$FileStateChecker.isFile(Require.java:345)
	at org.openqa.selenium.remote.service.DriverService.checkExecutable(DriverService.java:160)
	at org.openqa.selenium.remote.service.DriverService.findExecutable(DriverService.java:155)
	at org.openqa.selenium.firefox.GeckoDriverService.access$100(GeckoDriverService.java:45)
	at org.openqa.selenium.firefox.GeckoDriverService$Builder.findDefaultExecutable(GeckoDriverService.java:181)
	at org.openqa.selenium.remote.service.DriverService$Builder.build(DriverService.java:450)
	at org.openqa.selenium.firefox.GeckoDriverService.createDefaultService(GeckoDriverService.java:94)
	at org.openqa.selenium.firefox.FirefoxDriver.<init>(FirefoxDriver.java:99)
	at org.openqa.selenium.firefox.FirefoxDriver.<init>(FirefoxDriver.java:95)
	at org.example.stepDefinitions.Hooks.openBrowser(Hooks.java:21)
&amp#27;[0m
  &amp#27;[36mGiven &amp#27;[0m&amp#27;[36mUser navigate to Books category page&amp#27;[0m                                    &amp#27;[90m# org.example.stepDefinitions.D09_shoppingCartStepDefinition.navigateToBooks()&amp#27;[0m
  &amp#27;[36mWhen &amp#27;[0m&amp#27;[36mUser click on Add To Cart button for a book&amp#27;[0m                              &amp#27;[90m# org.example.stepDefinitions.D09_shoppingCartStepDefinition.addToCartBook()&amp#27;[0m
  &amp#27;[36mAnd &amp#27;[0m&amp#27;[36msuccess message appears which confirm adding the product to shopping cart&amp#27;[0m &amp#27;[90m# org.example.stepDefinitions.D09_shoppingCartStepDefinition.addMessage()&amp#27;[0m
  &amp#27;[36mAnd &amp#27;[0m&amp#27;[36mUser navigate to Shopping Cart page&amp#27;[0m                                       &amp#27;[90m# org.example.stepDefinitions.D09_shoppingCartStepDefinition.navigateToShoppingCart()&amp#27;[0m
  &amp#27;[36mThen &amp#27;[0m&amp#27;[36mShopping cart will contain all selec]]></system-out>
  </testcase>
  <testcase name="runScenario" classname="org.example.testRunner.runners" time="3.033">
    <failure message="The driver executable must exist: C:\Users\user\Downloads\nopcommerce automation testing\nopCommerce-AutomationTesting-main\nopCommerce-AutomationTesting-main\Drivers\geckodriver.exe" type="java.lang.IllegalStateException"><![CDATA[java.lang.IllegalStateException: The driver executable must exist: C:\Users\user\Downloads\nopcommerce automation testing\nopCommerce-AutomationTesting-main\nopCommerce-AutomationTesting-main\Drivers\geckodriver.exe
]]></failure>
  </testcase>
</testsuite>